------------------------------------------------------------------------------------------------------------------------
THREE ADDRESS CODE (TAC):
------------------------------------------------------------------------------------------------------------------------

0   : printStr: 
1   : function printStr ends

2   : printInt: 
3   : function printInt ends

4   : readInt: 
5   : function readInt ends

6   : merge: 
7   :    t0 = m - l
8   :    t1 = 1
9   :    t2 = t0 + t1
10  :    n1 = t2
11  :    t3 = r - m
12  :    n2 = t3
13  :    t4 = 6
14  :    t5 = 6
15  :    t6 = 0
16  :    i = t6
17  :    t7 = 1
18  :    if i < n1 goto 25
19  :    t7 = 0
20  :    goto 37
21  :    goto 37
22  :    t8 = i
23  :    i = i + 1
24  :    goto 17
25  :    t9 = 0
26  :    t10 = i
27  :    t10 = t10 * 4
28  :    t9 = t10
29  :    t11 = l + i
30  :    t12 = 0
31  :    t13 = t11
32  :    t13 = t13 * 4
33  :    t12 = t13
34  :    t14 = arr[t12]
35  :    L[t9] = t14
36  :    goto 22
37  :    t15 = 0
38  :    j = t15
39  :    t16 = 1
40  :    if j < n2 goto 47
41  :    t16 = 0
42  :    goto 62
43  :    goto 62
44  :    t17 = j
45  :    j = j + 1
46  :    goto 39
47  :    t18 = 1
48  :    t19 = m + t18
49  :    t20 = t19 + j
50  :    zz = t20
51  :    t21 = 0
52  :    t22 = j
53  :    t22 = t22 * 4
54  :    t21 = t22
55  :    t23 = 0
56  :    t24 = zz
57  :    t24 = t24 * 4
58  :    t23 = t24
59  :    t25 = arr[t23]
60  :    R[t21] = t25
61  :    goto 44
62  :    t26 = 0
63  :    i = t26
64  :    t27 = 0
65  :    j = t27
66  :    k = l
67  :    t28 = 1
68  :    if i < n1 goto 71
69  :    t28 = 0
70  :    goto 120
71  :    t29 = 1
72  :    if j < n2 goto 76
73  :    t29 = 0
74  :    goto 120
75  :    goto 120
76  :    t30 = 0
77  :    t31 = i
78  :    t31 = t31 * 4
79  :    t30 = t31
80  :    t32 = L[t30]
81  :    t33 = 0
82  :    t34 = j
83  :    t34 = t34 * 4
84  :    t33 = t34
85  :    t35 = R[t33]
86  :    t36 = 1
87  :    if t32 <= t35 goto 91
88  :    t36 = 0
89  :    goto 104
90  :    goto 117
91  :    t37 = 0
92  :    t38 = k
93  :    t38 = t38 * 4
94  :    t37 = t38
95  :    t39 = 0
96  :    t40 = i
97  :    t40 = t40 * 4
98  :    t39 = t40
99  :    t41 = L[t39]
100 :    arr[t37] = t41
101 :    t42 = i
102 :    i = i + 1
103 :    goto 117
104 :    t43 = 0
105 :    t44 = k
106 :    t44 = t44 * 4
107 :    t43 = t44
108 :    t45 = 0
109 :    t46 = j
110 :    t46 = t46 * 4
111 :    t45 = t46
112 :    t47 = R[t45]
113 :    arr[t43] = t47
114 :    t48 = j
115 :    j = j + 1
116 :    goto 117
117 :    t49 = k
118 :    k = k + 1
119 :    goto 67
120 :    t50 = 1
121 :    if i < n1 goto 125
122 :    t50 = 0
123 :    goto 140
124 :    goto 140
125 :    t51 = 0
126 :    t52 = k
127 :    t52 = t52 * 4
128 :    t51 = t52
129 :    t53 = 0
130 :    t54 = i
131 :    t54 = t54 * 4
132 :    t53 = t54
133 :    t55 = L[t53]
134 :    arr[t51] = t55
135 :    t56 = i
136 :    i = i + 1
137 :    t57 = k
138 :    k = k + 1
139 :    goto 120
140 :    t58 = 1
141 :    if j < n2 goto 145
142 :    t58 = 0
143 :    goto 160
144 :    goto 160
145 :    t59 = 0
146 :    t60 = k
147 :    t60 = t60 * 4
148 :    t59 = t60
149 :    t61 = 0
150 :    t62 = j
151 :    t62 = t62 * 4
152 :    t61 = t62
153 :    t63 = R[t61]
154 :    arr[t59] = t63
155 :    t64 = j
156 :    j = j + 1
157 :    t65 = k
158 :    k = k + 1
159 :    goto 140
160 :    t66 = 0
161 :    return t66
162 : function merge ends

163 : mergeSort: 
164 :    t67 = 1
165 :    if l < r goto 169
166 :    t67 = 0
167 :    goto 190
168 :    goto 190
169 :    t68 = r - l
170 :    t69 = 2
171 :    t70 = t68 / t69
172 :    t71 = l + t70
173 :    m = t71
174 :    param arr
175 :    param l
176 :    param m
177 :    t73 = call mergeSort, 3
178 :    t75 = 1
179 :    t76 = m + t75
180 :    param arr
181 :    param t76
182 :    param r
183 :    t77 = call mergeSort, 3
184 :    param arr
185 :    param l
186 :    param m
187 :    param r
188 :    t79 = call merge, 4
189 :    goto 190
190 :    t80 = 0
191 :    return t80
192 : function mergeSort ends

193 : printArray: 
194 :    t81 = 0
195 :    i = t81
196 :    t82 = 1
197 :    if i < size goto 204
198 :    t82 = 0
199 :    goto 214
200 :    goto 214
201 :    t83 = i
202 :    i = i + 1
203 :    goto 196
204 :    t84 = 0
205 :    t85 = i
206 :    t85 = t85 * 4
207 :    t84 = t85
208 :    t86 = A[t84]
209 :    param t86
210 :    t87 = call printInt, 1
211 :    param .LC0
212 :    t88 = call printStr, 1
213 :    goto 201
214 :    param .LC1
215 :    t89 = call printStr, 1
216 :    t90 = 0
217 :    return t90
218 : function printArray ends

219 : main: 
220 :    param .LC2
221 :    t91 = call printStr, 1
222 :    t92 = 6
223 :    t93 = 0
224 :    t94 = 0
225 :    t95 = t93
226 :    t95 = t95 * 4
227 :    t94 = t95
228 :    t96 = 3
229 :    arr[t94] = t96
230 :    t97 = 1
231 :    t98 = 0
232 :    t99 = t97
233 :    t99 = t99 * 4
234 :    t98 = t99
235 :    t100 = 5
236 :    arr[t98] = t100
237 :    t101 = 2
238 :    t102 = 0
239 :    t103 = t101
240 :    t103 = t103 * 4
241 :    t102 = t103
242 :    t104 = 9
243 :    arr[t102] = t104
244 :    t105 = 3
245 :    t106 = 0
246 :    t107 = t105
247 :    t107 = t107 * 4
248 :    t106 = t107
249 :    t108 = 13
250 :    arr[t106] = t108
251 :    t109 = 4
252 :    t110 = 0
253 :    t111 = t109
254 :    t111 = t111 * 4
255 :    t110 = t111
256 :    t112 = 23
257 :    arr[t110] = t112
258 :    t113 = 5
259 :    t114 = 0
260 :    t115 = t113
261 :    t115 = t115 * 4
262 :    t114 = t115
263 :    t116 = 4
264 :    arr[t114] = t116
265 :    t117 = 6
266 :    arr_size = t117
267 :    param .LC3
268 :    t118 = call printStr, 1
269 :    param arr
270 :    param arr_size
271 :    t120 = call printArray, 2
272 :    t122 = 0
273 :    t123 = 1
274 :    t124 = arr_size - t123
275 :    param arr
276 :    param t122
277 :    param t124
278 :    t125 = call mergeSort, 3
279 :    param .LC4
280 :    t126 = call printStr, 1
281 :    param arr
282 :    param arr_size
283 :    t128 = call printArray, 2
284 :    t129 = 0
285 :    return t129
286 : function main ends

------------------------------------------------------------------------------------------------------------------------
Symbol Table: ST.Global                                         
------------------------------------------------------------------------------------------------------------------------
Name                     Type                     Initial Value       Size           Offset         Nested
------------------------------------------------------------------------------------------------------------------------
printStr                 function                 -                   0              0              ST.Global.printStr
printInt                 function                 -                   0              0              ST.Global.printInt
readInt                  function                 -                   0              0              ST.Global.readInt
merge                    function                 -                   0              0              ST.Global.merge
mergeSort                function                 -                   0              0              ST.Global.mergeSort
printArray               function                 -                   0              0              ST.Global.printArray
main                     function                 -                   0              0              ST.Global.main
------------------------------------------------------------------------------------------------------------------------

------------------------------------------------------------------------------------------------------------------------
Symbol Table: ST.Global.printStr                                
------------------------------------------------------------------------------------------------------------------------
Name                     Type                     Initial Value       Size           Offset         Nested
------------------------------------------------------------------------------------------------------------------------
c                        char                     -                   1              0              NULL
RETVAL                   int                      -                   4              1              NULL
------------------------------------------------------------------------------------------------------------------------

------------------------------------------------------------------------------------------------------------------------
Symbol Table: ST.Global.printInt                                
------------------------------------------------------------------------------------------------------------------------
Name                     Type                     Initial Value       Size           Offset         Nested
------------------------------------------------------------------------------------------------------------------------
i                        int                      -                   4              0              NULL
RETVAL                   int                      -                   4              4              NULL
------------------------------------------------------------------------------------------------------------------------

------------------------------------------------------------------------------------------------------------------------
Symbol Table: ST.Global.readInt                                 
------------------------------------------------------------------------------------------------------------------------
Name                     Type                     Initial Value       Size           Offset         Nested
------------------------------------------------------------------------------------------------------------------------
eP                       int                      -                   4              0              NULL
RETVAL                   int                      -                   4              4              NULL
------------------------------------------------------------------------------------------------------------------------

------------------------------------------------------------------------------------------------------------------------
Symbol Table: ST.Global.merge                                   
------------------------------------------------------------------------------------------------------------------------
Name                     Type                     Initial Value       Size           Offset         Nested
------------------------------------------------------------------------------------------------------------------------
arr                      int[]                    -                   0              0              NULL
l                        int                      -                   4              0              NULL
m                        int                      -                   4              4              NULL
r                        int                      -                   4              8              NULL
RETVAL                   int                      -                   4              12             NULL
i                        int                      -                   4              16             NULL
j                        int                      -                   4              20             NULL
k                        int                      -                   4              24             NULL
t0                       int                      -                   4              28             NULL
t1                       int                      1                   4              32             NULL
t2                       int                      -                   4              36             NULL
n1                       int                      -                   4              40             NULL
t3                       int                      -                   4              44             NULL
n2                       int                      -                   4              48             NULL
t4                       int                      6                   4              52             NULL
t5                       int                      6                   4              56             NULL
L                        int[6]                   -                   24             60             NULL
R                        int[6]                   -                   24             84             NULL
t6                       int                      0                   4              108            NULL
t7                       int                      -                   4              112            NULL
t8                       int                      -                   4              116            NULL
t9                       int                      -                   4              120            NULL
t10                      int                      -                   4              124            NULL
t11                      int                      -                   4              128            NULL
t12                      int                      -                   4              132            NULL
t13                      int                      -                   4              136            NULL
t14                      int                      -                   4              140            NULL
t15                      int                      0                   4              144            NULL
t16                      int                      -                   4              148            NULL
t17                      int                      -                   4              152            NULL
t18                      int                      1                   4              156            NULL
t19                      int                      -                   4              160            NULL
t20                      int                      -                   4              164            NULL
zz                       int                      -                   4              168            NULL
t21                      int                      -                   4              172            NULL
t22                      int                      -                   4              176            NULL
t23                      int                      -                   4              180            NULL
t24                      int                      -                   4              184            NULL
t25                      int                      -                   4              188            NULL
t26                      int                      0                   4              192            NULL
t27                      int                      0                   4              196            NULL
t28                      int                      -                   4              200            NULL
t29                      int                      -                   4              204            NULL
t30                      int                      -                   4              208            NULL
t31                      int                      -                   4              212            NULL
t32                      int                      -                   4              216            NULL
t33                      int                      -                   4              220            NULL
t34                      int                      -                   4              224            NULL
t35                      int                      -                   4              228            NULL
t36                      int                      -                   4              232            NULL
t37                      int                      -                   4              236            NULL
t38                      int                      -                   4              240            NULL
t39                      int                      -                   4              244            NULL
t40                      int                      -                   4              248            NULL
t41                      int                      -                   4              252            NULL
t42                      int                      -                   4              256            NULL
t43                      int                      -                   4              260            NULL
t44                      int                      -                   4              264            NULL
t45                      int                      -                   4              268            NULL
t46                      int                      -                   4              272            NULL
t47                      int                      -                   4              276            NULL
t48                      int                      -                   4              280            NULL
t49                      int                      -                   4              284            NULL
t50                      int                      -                   4              288            NULL
t51                      int                      -                   4              292            NULL
t52                      int                      -                   4              296            NULL
t53                      int                      -                   4              300            NULL
t54                      int                      -                   4              304            NULL
t55                      int                      -                   4              308            NULL
t56                      int                      -                   4              312            NULL
t57                      int                      -                   4              316            NULL
t58                      int                      -                   4              320            NULL
t59                      int                      -                   4              324            NULL
t60                      int                      -                   4              328            NULL
t61                      int                      -                   4              332            NULL
t62                      int                      -                   4              336            NULL
t63                      int                      -                   4              340            NULL
t64                      int                      -                   4              344            NULL
t65                      int                      -                   4              348            NULL
t66                      int                      0                   4              352            NULL
------------------------------------------------------------------------------------------------------------------------

------------------------------------------------------------------------------------------------------------------------
Symbol Table: ST.Global.mergeSort                               
------------------------------------------------------------------------------------------------------------------------
Name                     Type                     Initial Value       Size           Offset         Nested
------------------------------------------------------------------------------------------------------------------------
arr                      int[]                    -                   0              0              NULL
l                        int                      -                   4              0              NULL
r                        int                      -                   4              4              NULL
RETVAL                   int                      -                   4              8              NULL
t67                      int                      -                   4              12             NULL
t68                      int                      -                   4              16             NULL
t69                      int                      2                   4              20             NULL
t70                      int                      -                   4              24             NULL
t71                      int                      -                   4              28             NULL
m                        int                      -                   4              32             NULL
mergeSort                int                      -                   4              36             NULL
t72                      int                      -                   4              40             NULL
t73                      int                      -                   4              44             NULL
t74                      int                      -                   4              48             NULL
t75                      int                      1                   4              52             NULL
t76                      int                      -                   4              56             NULL
t77                      int                      -                   4              60             NULL
merge                    int                      -                   4              64             NULL
t78                      int                      -                   4              68             NULL
t79                      int                      -                   4              72             NULL
t80                      int                      0                   4              76             NULL
------------------------------------------------------------------------------------------------------------------------

------------------------------------------------------------------------------------------------------------------------
Symbol Table: ST.Global.printArray                              
------------------------------------------------------------------------------------------------------------------------
Name                     Type                     Initial Value       Size           Offset         Nested
------------------------------------------------------------------------------------------------------------------------
A                        int[]                    -                   0              0              NULL
size                     int                      -                   4              0              NULL
RETVAL                   int                      -                   4              4              NULL
i                        int                      -                   4              8              NULL
t81                      int                      0                   4              12             NULL
t82                      int                      -                   4              16             NULL
t83                      int                      -                   4              20             NULL
printInt                 int                      -                   4              24             NULL
t84                      int                      -                   4              28             NULL
t85                      int                      -                   4              32             NULL
t86                      int                      -                   4              36             NULL
t87                      int                      -                   4              40             NULL
printStr                 int                      -                   4              44             NULL
.LC0                     int                      -                   4              48             NULL
t88                      int                      -                   4              52             NULL
.LC1                     int                      -                   4              56             NULL
t89                      int                      -                   4              60             NULL
t90                      int                      0                   4              64             NULL
------------------------------------------------------------------------------------------------------------------------

------------------------------------------------------------------------------------------------------------------------
Symbol Table: ST.Global.main                                    
------------------------------------------------------------------------------------------------------------------------
Name                     Type                     Initial Value       Size           Offset         Nested
------------------------------------------------------------------------------------------------------------------------
RETVAL                   int                      -                   4              0              NULL
printStr                 int                      -                   4              4              NULL
.LC2                     int                      -                   4              8              NULL
t91                      int                      -                   4              12             NULL
t92                      int                      6                   4              16             NULL
arr                      int[6]                   -                   24             20             NULL
t93                      int                      0                   4              44             NULL
t94                      int                      -                   4              48             NULL
t95                      int                      -                   4              52             NULL
t96                      int                      3                   4              56             NULL
t97                      int                      1                   4              60             NULL
t98                      int                      -                   4              64             NULL
t99                      int                      -                   4              68             NULL
t100                     int                      5                   4              72             NULL
t101                     int                      2                   4              76             NULL
t102                     int                      -                   4              80             NULL
t103                     int                      -                   4              84             NULL
t104                     int                      9                   4              88             NULL
t105                     int                      3                   4              92             NULL
t106                     int                      -                   4              96             NULL
t107                     int                      -                   4              100            NULL
t108                     int                      13                  4              104            NULL
t109                     int                      4                   4              108            NULL
t110                     int                      -                   4              112            NULL
t111                     int                      -                   4              116            NULL
t112                     int                      23                  4              120            NULL
t113                     int                      5                   4              124            NULL
t114                     int                      -                   4              128            NULL
t115                     int                      -                   4              132            NULL
t116                     int                      4                   4              136            NULL
t117                     int                      6                   4              140            NULL
arr_size                 int                      6                   4              144            NULL
.LC3                     int                      -                   4              148            NULL
t118                     int                      -                   4              152            NULL
printArray               int                      -                   4              156            NULL
t119                     int                      -                   4              160            NULL
t120                     int                      -                   4              164            NULL
mergeSort                int                      -                   4              168            NULL
t121                     int                      -                   4              172            NULL
t122                     int                      0                   4              176            NULL
t123                     int                      1                   4              180            NULL
t124                     int                      -                   4              184            NULL
t125                     int                      -                   4              188            NULL
.LC4                     int                      -                   4              192            NULL
t126                     int                      -                   4              196            NULL
t127                     int                      -                   4              200            NULL
t128                     int                      -                   4              204            NULL
t129                     int                      0                   4              208            NULL
------------------------------------------------------------------------------------------------------------------------

